Mixed class sequence: 
[(4, 7), (8, 5), (6, 2), (1, 3), (9, 0)]
Creating training/validation data
apply training algorithm...
[0, 8.623602390289307, 2.3873875268300373, 2.226405143737793]
complete 3.3333333333333335% on group 0
[1, 4.756373882293701, 0.46985183636347455, 0.9698817253112793]
complete 6.666666666666667% on group 0
[2, 4.7365477085113525, 0.14953457117080687, 1.2210338592529297]
complete 10.0% on group 0
[3, 4.7815892696380615, 0.06517551263173421, 1.6777652740478515]
complete 13.333333333333334% on group 0
[4, 4.752976179122925, 0.061085331042607625, 1.465975284576416]
complete 16.666666666666668% on group 0
[5, 4.7302680015563965, 0.037144967913627626, 1.3317745208740235]
complete 20.0% on group 0
[6, 4.737477540969849, 0.031103523274262745, 1.7638669967651368]
complete 23.333333333333332% on group 0
[7, 4.761670112609863, 0.07203267256418865, 2.088789367675781]
complete 26.666666666666668% on group 0
[8, 4.748838901519775, 0.1551190557082494, 1.5982975006103515]
complete 30.0% on group 0
[9, 4.762175798416138, 0.1731435724099477, 1.8753524780273438]
complete 33.333333333333336% on group 0
[10, 4.765218496322632, 0.18820465405782064, 1.9795862197875977]
complete 36.666666666666664% on group 0
[11, 4.755737066268921, 0.07828776915868123, 2.418180465698242]
complete 40.0% on group 0
[12, 4.759702682495117, 0.08670507878065109, 2.1755178451538084]
complete 43.333333333333336% on group 0
[13, 4.7607831954956055, 0.05683699200550715, 1.6221454620361329]
complete 46.666666666666664% on group 0
[14, 4.753236532211304, 0.03475581298271815, 1.8028162002563477]
complete 50.0% on group 0
[15, 4.771272659301758, 0.035599642395973206, 1.616867446899414]
complete 53.333333333333336% on group 0
[16, 4.762276887893677, 0.05932236815492312, 2.356515121459961]
complete 56.666666666666664% on group 0
[17, 4.757822751998901, 0.017208732664585114, 2.187337303161621]
complete 60.0% on group 0
[18, 4.766561508178711, 0.009577539886037508, 2.1159652709960937]
complete 63.333333333333336% on group 0
[19, 4.759259462356567, 0.017212336187561354, 1.9845500946044923]
complete 66.66666666666667% on group 0
[20, 4.766187429428101, 0.005535005256533622, 1.9235662460327148]
complete 70.0% on group 0
[21, 4.768700361251831, 0.011041350315014522, 2.140072250366211]
complete 73.33333333333333% on group 0
[22, 4.76684308052063, 0.006363242417573928, 2.111890983581543]
complete 76.66666666666667% on group 0
[23, 4.764852285385132, 0.003652647969623407, 2.2223888397216798]
complete 80.0% on group 0
[24, 4.761397361755371, 0.0025767891854047774, 2.3087688446044923]
complete 83.33333333333333% on group 0
[25, 4.763181447982788, 0.002795221054305633, 2.264804458618164]
complete 86.66666666666667% on group 0
[26, 4.770243883132935, 0.0023932797710100808, 2.2621175765991213]
complete 90.0% on group 0
[27, 4.749288558959961, 0.0020211563011010487, 2.2487926483154297]
complete 93.33333333333333% on group 0
[28, 4.760603189468384, 0.0021245385768512886, 2.236254119873047]
complete 96.66666666666667% on group 0
[29, 4.7656354904174805, 0.0016318763047456742, 2.2419363021850587]
complete 100.0% on group 0
Constructing protoset
Complete protoset
Testing
Accuracy:  0.7305
Complete test
Constructing protoset
Complete protoset
Testing
Accuracy:  0.2055
Complete test
Constructing protoset
Complete protoset
Testing
Accuracy:  0.826
Complete test
Constructing protoset
Complete protoset
Testing
Accuracy:  0.2195
Complete test
Constructing protoset
Complete protoset
Testing
Accuracy:  0.7385
Complete test
Constructing protoset
Complete protoset
Testing
Accuracy:  0.252
Complete test
Constructing protoset
Complete protoset
Testing
Accuracy:  0.16
Complete test
Constructing protoset
Complete protoset
Testing
Accuracy:  0.5195
Complete test
Constructing protoset
Complete protoset
Testing
Accuracy:  0.4105
Complete test
Constructing protoset
Complete protoset
Testing
Accuracy:  0.773
Complete test
Constructing protoset
Complete protoset
Testing
Accuracy:  0.7665
Complete test
Constructing protoset
Complete protoset
Testing
Accuracy:  0.7785
Complete test
Constructing protoset
Complete protoset
Testing
Accuracy:  0.8235
Complete test
Constructing protoset
Complete protoset
Testing
Accuracy:  0.61
Complete test
Constructing protoset
Complete protoset
Testing
Accuracy:  0.788
Complete test
Constructing protoset
Complete protoset
Testing
Accuracy:  0.783
Complete test
Constructing protoset
Complete protoset
Testing
Accuracy:  0.635
Complete test
Constructing protoset
Complete protoset
Testing
Accuracy:  0.566
Complete test
Constructing protoset
Complete protoset
Testing
Accuracy:  0.489
Complete test
Constructing protoset
Complete protoset
Testing
Accuracy:  0.4365
Complete test
Constructing protoset
Complete protoset
Testing
Accuracy:  0.811
Complete test
Constructing protoset
Complete protoset
Testing
Accuracy:  0.2495
Complete test
Constructing protoset
Complete protoset
Testing
Accuracy:  0.3375
Complete test
Constructing protoset
Complete protoset
Testing
Accuracy:  0.783
Complete test
Constructing protoset
Complete protoset
Testing
Accuracy:  0.3175
Complete test
Constructing protoset
Complete protoset
Testing
Accuracy:  0.786
Complete test
Constructing protoset
Complete protoset
Testing
Accuracy:  0.3005
Complete test
Constructing protoset
Complete protoset
Testing
Accuracy:  0.619
Complete test
Constructing protoset
Complete protoset
Testing
Accuracy:  0.2765
Complete test
Constructing protoset
Complete protoset
Testing
Accuracy:  0.586
Complete test
Constructing protoset
Complete protoset
Testing
Accuracy:  0.559
Complete test
Constructing protoset
Complete protoset
Testing
Accuracy:  0.236
Complete test
Constructing protoset
Complete protoset
Testing
Accuracy:  0.362
Complete test
Constructing protoset
Complete protoset
Testing
Accuracy:  0.866
Complete test
Constructing protoset
Complete protoset
Testing
Accuracy:  0.445
Complete test
Constructing protoset
Complete protoset
Testing
Accuracy:  0.8425
Complete test
Constructing protoset
Complete protoset
Testing
Accuracy:  0.5995
Complete test
Constructing protoset
Complete protoset
Testing
Accuracy:  0.5685
Complete test
Constructing protoset
Complete protoset
Testing
Accuracy:  0.452
Complete test
Constructing protoset
Complete protoset
Testing
Accuracy:  0.6615
Complete test
Constructing protoset
Complete protoset
Testing
Accuracy:  0.1665
Complete test
Constructing protoset
Complete protoset
Testing
Accuracy:  0.5755
Complete test
Constructing protoset
Complete protoset
Testing
Accuracy:  0.8945
Complete test
Constructing protoset
Complete protoset
Testing
Accuracy:  0.62
Complete test
Constructing protoset
Complete protoset
Testing
Accuracy:  0.82
Complete test
Constructing protoset
Complete protoset
Testing
Accuracy:  0.865
Complete test
Constructing protoset
Complete protoset
Testing
Accuracy:  0.8755
Complete test
Constructing protoset
Complete protoset
Testing
Accuracy:  0.793
Complete test
Constructing protoset
Complete protoset
Testing
Accuracy:  0.856
Complete test
Constructing protoset
Complete protoset
Testing
Accuracy:  0.088
Complete test
Constructing protoset
Complete protoset
Testing
Accuracy:  0.8635
Complete test
Constructing protoset
Complete protoset
Testing
Accuracy:  0.827
Complete test
Constructing protoset
Complete protoset
Testing
Accuracy:  0.667
Complete test
Constructing protoset
Complete protoset
Testing
Accuracy:  0.803
Complete test
Constructing protoset
Complete protoset
Testing
Accuracy:  0.904
Complete test
Constructing protoset
Complete protoset
Testing
Accuracy:  0.8645
Complete test
Constructing protoset
Complete protoset
Testing
Accuracy:  0.9025
Complete test
Constructing protoset
Complete protoset
Testing
Accuracy:  0.8725
Complete test
Constructing protoset
Complete protoset
Testing
Accuracy:  0.6575
Complete test
Constructing protoset
Complete protoset
Testing
Accuracy:  0.9125
Complete test
Constructing protoset
Complete protoset
Testing
Accuracy:  0.242
Complete test
Constructing protoset
Complete protoset
Testing
Accuracy:  0.5935
Complete test
Constructing protoset
Complete protoset
Testing
Accuracy:  0.826
Complete test
Constructing protoset
Complete protoset
Testing
Accuracy:  0.8355
Complete test
Constructing protoset
Complete protoset
Testing
Accuracy:  0.842
Complete test
Constructing protoset
Complete protoset
Testing
Accuracy:  0.8875
Complete test
Constructing protoset
Complete protoset
Testing
Accuracy:  0.754
Complete test
Constructing protoset
Complete protoset
Testing
Accuracy:  0.621
Complete test
Constructing protoset
Complete protoset
Testing
Accuracy:  0.8655
Complete test
Constructing protoset
Complete protoset
Testing
Accuracy:  0.863
Complete test
Constructing protoset
Complete protoset
Testing
Accuracy:  0.5415
Complete test
Constructing protoset
Complete protoset
Testing
Accuracy:  0.9005
Complete test
Constructing protoset
Complete protoset
Testing
Accuracy:  0.8505
Complete test
Constructing protoset
Complete protoset
Testing
Accuracy:  0.917
Complete test
Constructing protoset
Complete protoset
Testing
Accuracy:  0.771
Complete test
Constructing protoset
Complete protoset
Testing
Accuracy:  0.705
Complete test
Constructing protoset
Complete protoset
Testing
Accuracy:  0.8585
Complete test
Constructing protoset
Complete protoset
Testing
Accuracy:  0.176
Complete test
Constructing protoset
Complete protoset
Testing
Accuracy:  0.5225
Complete test
Constructing protoset
Complete protoset
Testing
Accuracy:  0.0965
Complete test
Constructing protoset
Complete protoset
Testing
Accuracy:  0.7885
Complete test
Constructing protoset
Complete protoset
Testing
Accuracy:  0.9095
Complete test
Constructing protoset
Complete protoset
Testing
Accuracy:  0.847
Complete test
Constructing protoset
Complete protoset
Testing
Accuracy:  0.858
Complete test
Constructing protoset
Complete protoset
Testing
Accuracy:  0.8675
Complete test
Constructing protoset
Complete protoset
Testing
Accuracy:  0.667
Complete test
Constructing protoset
Complete protoset
Testing
Accuracy:  0.9095
Complete test
Constructing protoset
Complete protoset
Testing
Accuracy:  0.838
Complete test
Constructing protoset
Complete protoset
Testing
Accuracy:  0.104
Complete test
Constructing protoset
Complete protoset
Testing
Accuracy:  0.8705
Complete test
Constructing protoset
Complete protoset
Testing
Accuracy:  0.811
Complete test
Constructing protoset
Complete protoset
Testing
Accuracy:  0.913
Complete test
Constructing protoset
Complete protoset
Testing
Accuracy:  0.8575
Complete test
Constructing protoset
Complete protoset
Testing
Accuracy:  0.8685
Complete test
Constructing protoset
Complete protoset
Testing
Accuracy:  0.408
Complete test
Constructing protoset
Complete protoset
Testing
Accuracy:  0.863
Complete test
Constructing protoset
Complete protoset
Testing
Accuracy:  0.753
Complete test
Constructing protoset
Complete protoset
Testing
Accuracy:  0.8405
Complete test
Constructing protoset
Complete protoset
Testing
Accuracy:  0.908
Complete test
Constructing protoset
Complete protoset
Testing
Accuracy:  0.643
Complete test
Constructing protoset
Complete protoset
Testing
Accuracy:  0.8435
Complete test
Constructing protoset
Complete protoset
Testing
Accuracy:  0.4795
Complete test
Constructing protoset
Complete protoset
Testing
Accuracy:  0.868
Complete test
Constructing protoset
Complete protoset
Testing
Accuracy:  0.852
Complete test
Constructing protoset
Complete protoset
Testing
Accuracy:  0.4355
Complete test
Constructing protoset
Complete protoset
Testing
Accuracy:  0.841
Complete test
Constructing protoset
Complete protoset
Testing
Accuracy:  0.893
Complete test
Constructing protoset
Complete protoset
Testing
Accuracy:  0.752
Complete test
Constructing protoset
Complete protoset
Testing
Accuracy:  0.339
Complete test
Constructing protoset
Complete protoset
Testing
Accuracy:  0.838
Complete test
Constructing protoset
Complete protoset
Testing
Accuracy:  0.345
Complete test
Constructing protoset
Complete protoset
Testing
Accuracy:  0.751
Complete test
Constructing protoset
Complete protoset
Testing
Accuracy:  0.9185
Complete test
Constructing protoset
Complete protoset
Testing
Accuracy:  0.881
Complete test
Constructing protoset
Complete protoset
Testing
Accuracy:  0.3615
Complete test
Constructing protoset
Complete protoset
Testing
Accuracy:  0.753
Complete test
Constructing protoset
Complete protoset
Testing
Accuracy:  0.8375
Complete test
Constructing protoset
Complete protoset
Testing
Accuracy:  0.828
Complete test
Constructing protoset
Complete protoset
Testing
Accuracy:  0.785
Complete test
Constructing protoset
Complete protoset
Testing
Accuracy:  0.4985
Complete test
Constructing protoset
Complete protoset
Testing
Accuracy:  0.8635
Complete test
Constructing protoset
Complete protoset
Testing
Accuracy:  0.8515
Complete test
Constructing protoset
Complete protoset
Testing
Accuracy:  0.908
Complete test
Constructing protoset
Complete protoset
Testing
Accuracy:  0.906
Complete test
Constructing protoset
Complete protoset
Testing
Accuracy:  0.8475
Complete test
Constructing protoset
Complete protoset
Testing
Accuracy:  0.8865
Complete test
Constructing protoset
Complete protoset
Testing
Accuracy:  0.67
Complete test
Constructing protoset
Complete protoset
Testing
Accuracy:  0.891
Complete test
Constructing protoset
Complete protoset
Testing
Accuracy:  0.1235
Complete test
Constructing protoset
Complete protoset
Testing
Accuracy:  0.856
Complete test
Constructing protoset
Complete protoset
Testing
Accuracy:  0.854
Complete test
Constructing protoset
Complete protoset
Testing
Accuracy:  0.767
Complete test
Constructing protoset
Complete protoset
Testing
Accuracy:  0.9085
Complete test
Constructing protoset
Complete protoset
Testing
Accuracy:  0.87
Complete test
Constructing protoset
Complete protoset
Testing
Accuracy:  0.9165
Complete test
Constructing protoset
Complete protoset
Testing
Accuracy:  0.8965
Complete test
Constructing protoset
Complete protoset
Testing
Accuracy:  0.633
Complete test
Constructing protoset
Complete protoset
Testing
Accuracy:  0.911
Complete test
Constructing protoset
Complete protoset
Testing
Accuracy:  0.2975
Complete test
Constructing protoset
Complete protoset
Testing
Accuracy:  0.0905
Complete test
Constructing protoset
Complete protoset
Testing
Accuracy:  0.8865
Complete test
Constructing protoset
Complete protoset
Testing
Accuracy:  0.8315
Complete test
Constructing protoset
Complete protoset
Testing
Accuracy:  0.6485
Complete test
Constructing protoset
Complete protoset
Testing
Accuracy:  0.482
Complete test
Constructing protoset
Complete protoset
Testing
Accuracy:  0.918
Complete test
Constructing protoset
Complete protoset
Testing
Accuracy:  0.3655
Complete test
Constructing protoset
Complete protoset
Testing
Accuracy:  0.9135
Complete test
Constructing protoset
Complete protoset
Testing
Accuracy:  0.8165
Complete test
Constructing protoset
Complete protoset
Testing
Accuracy:  0.8175
Complete test
Constructing protoset
Complete protoset
Testing
Accuracy:  0.8785
Complete test
Constructing protoset
Complete protoset
Testing
Accuracy:  0.8545
Complete test
Constructing protoset
Complete protoset
Testing
Accuracy:  0.8285
Complete test
Constructing protoset
Complete protoset
Testing
Accuracy:  0.817
Complete test
Constructing protoset
Complete protoset
Testing
Accuracy:  0.8265
Complete test
Constructing protoset
Complete protoset
Testing
Accuracy:  0.125
Complete test
Constructing protoset
Complete protoset
Testing
Accuracy:  0.7055
Complete test
Constructing protoset
Complete protoset
Testing
Accuracy:  0.6895
Complete test
Constructing protoset
Complete protoset
Testing
Accuracy:  0.56
Complete test
Constructing protoset
Complete protoset
Testing
Accuracy:  0.3
Complete test
Constructing protoset
Complete protoset
Testing
Accuracy:  0.822
Complete test
Constructing protoset
Complete protoset
Testing
Accuracy:  0.878
Complete test
Constructing protoset
Complete protoset
Testing
Accuracy:  0.811
Complete test
Constructing protoset
Complete protoset
Testing
Accuracy:  0.126
Complete test
Constructing protoset
Complete protoset
Testing
Accuracy:  0.8495
Complete test
Constructing protoset
Complete protoset
Testing
Accuracy:  0.8405
Complete test
Constructing protoset
Complete protoset
Testing
Accuracy:  0.8255
Complete test
Constructing protoset
Complete protoset
Testing
Accuracy:  0.794
Complete test
Constructing protoset
Complete protoset
Testing
Accuracy:  0.833
Complete test
Constructing protoset
Complete protoset
Testing
Accuracy:  0.8
Complete test
Constructing protoset
Complete protoset
Testing
Accuracy:  0.59
Complete test
Constructing protoset
Complete protoset
Testing
Accuracy:  0.855
Complete test
Constructing protoset
Complete protoset
Testing
Accuracy:  0.856
Complete test
Constructing protoset
Complete protoset
Testing
Accuracy:  0.913
Complete test
Constructing protoset
Complete protoset
Testing
Accuracy:  0.8695
Complete test
Constructing protoset
Complete protoset
Testing
Accuracy:  0.8845
Complete test
Constructing protoset
Complete protoset
Testing
Accuracy:  0.1575
Complete test
Constructing protoset
Complete protoset
Testing
Accuracy:  0.5215
Complete test
Constructing protoset
Complete protoset
Testing
Accuracy:  0.887
Complete test
Constructing protoset
Complete protoset
Testing
Accuracy:  0.418
Complete test
Constructing protoset
Complete protoset
Testing
Accuracy:  0.9125
Complete test
Constructing protoset
Complete protoset
Testing
Accuracy:  0.6205
Complete test
Constructing protoset
Complete protoset
Testing
Accuracy:  0.6865
Complete test
Constructing protoset
Complete protoset
Testing
Accuracy:  0.8655
Complete test
Constructing protoset
Complete protoset
Testing
Accuracy:  0.6425
Complete test
Constructing protoset
Complete protoset
Testing
Accuracy:  0.8195
Complete test
Constructing protoset
Complete protoset
Testing
Accuracy:  0.6005
Complete test
Constructing protoset
Complete protoset
Testing
Accuracy:  0.909
Complete test
Constructing protoset
Complete protoset
Testing
Accuracy:  0.903
Complete test
Constructing protoset
Complete protoset
Testing
Accuracy:  0.911
Complete test
Constructing protoset
Complete protoset
Testing
Accuracy:  0.648
Complete test
Constructing protoset
Complete protoset
Testing
Accuracy:  0.735
Complete test
Constructing protoset
Complete protoset
Testing
Accuracy:  0.743
Complete test
Constructing protoset
Complete protoset
Testing
Accuracy:  0.799
Complete test
Constructing protoset
Complete protoset
Testing
Accuracy:  0.795
Complete test
Constructing protoset
Complete protoset
Testing
Accuracy:  0.8175
Complete test
Constructing protoset
Complete protoset
Testing
Accuracy:  0.889
Complete test
Constructing protoset
Complete protoset
Testing
Accuracy:  0.76
Complete test
Constructing protoset
Complete protoset
Testing
Accuracy:  0.778
Complete test
Constructing protoset
Complete protoset
Testing
Accuracy:  0.4905
Complete test
Constructing protoset
Complete protoset
Testing
Accuracy:  0.8195
Complete test
Constructing protoset
Complete protoset
Testing
Accuracy:  0.7995
Complete test
Constructing protoset
Complete protoset
Testing
Accuracy:  0.867
Complete test
Constructing protoset
Complete protoset
Testing
Accuracy:  0.839
Complete test
Constructing protoset
Complete protoset
Testing
Accuracy:  0.7905
Complete test
Constructing protoset
Complete protoset
Testing
Accuracy:  0.138
Complete test
Constructing protoset
Complete protoset
Testing
Accuracy:  0.7955
Complete test
Constructing protoset
Complete protoset
Testing
Accuracy:  0.871
Complete test
Constructing protoset
Complete protoset
Testing
Accuracy:  0.8465
Complete test
Constructing protoset
Complete protoset
Testing
Accuracy:  0.8805
Complete test
Constructing protoset
Complete protoset
Testing
Accuracy:  0.802
Complete test
Constructing protoset
Complete protoset
Testing
Accuracy:  0.8715
Complete test
Constructing protoset
Complete protoset
Testing
Accuracy:  0.486
Complete test
Constructing protoset
Complete protoset
Testing
Accuracy:  0.904
Complete test
Constructing protoset
Complete protoset
Testing
Accuracy:  0.898
Complete test
Constructing protoset
Complete protoset
Testing
Accuracy:  0.838
Complete test
Constructing protoset
Complete protoset
Testing
Accuracy:  0.813
Complete test
Constructing protoset
Complete protoset
Testing
Accuracy:  0.576
Complete test
Constructing protoset
Complete protoset
Testing
Accuracy:  0.644
Complete test
Constructing protoset
Complete protoset
Testing
Accuracy:  0.8545
Complete test
Constructing protoset
Complete protoset
Testing
Accuracy:  0.691
Complete test
Constructing protoset
Complete protoset
Testing
Accuracy:  0.5285
Complete test
Constructing protoset
Complete protoset
Testing
Accuracy:  0.8875
Complete test
Constructing protoset
Complete protoset
Testing
Accuracy:  0.7775
Complete test
Constructing protoset
Complete protoset
Testing
Accuracy:  0.9035
Complete test
Constructing protoset
Complete protoset
Testing
Accuracy:  0.9015
Complete test
Constructing protoset
Complete protoset
Testing
Accuracy:  0.7195
Complete test
Constructing protoset
Complete protoset
Testing
Accuracy:  0.9025
Complete test
Constructing protoset
Complete protoset
Testing
Accuracy:  0.905
Complete test
Constructing protoset
Complete protoset
Testing
Accuracy:  0.786
Complete test
Constructing protoset
Complete protoset
Testing
Accuracy:  0.9025
Complete test
Constructing protoset
Complete protoset
Testing
Accuracy:  0.4935
Complete test
Constructing protoset
Complete protoset
Testing
Accuracy:  0.5475
Complete test
Constructing protoset
Complete protoset
Testing
Accuracy:  0.115
Complete test
Constructing protoset
Complete protoset
Testing
Accuracy:  0.782
Complete test
Constructing protoset
Complete protoset
Testing
Accuracy:  0.851
Complete test
Constructing protoset
Complete protoset
Testing
Accuracy:  0.46
Complete test
Constructing protoset
Complete protoset
Testing
Accuracy:  0.8545
Complete test
Constructing protoset
Complete protoset
Testing
Accuracy:  0.8705
Complete test
Constructing protoset
Complete protoset
Testing
Accuracy:  0.863
Complete test
Constructing protoset
Complete protoset
Testing
Accuracy:  0.819
Complete test
Constructing protoset
Complete protoset
Testing
Accuracy:  0.874
Complete test
Constructing protoset
Complete protoset
Testing
Accuracy:  0.2045
Complete test
Constructing protoset
Complete protoset
Testing
Accuracy:  0.748
Complete test
Constructing protoset
Complete protoset
Testing
Accuracy:  0.815
Complete test
Constructing protoset
Complete protoset
Testing
Accuracy:  0.136
Complete test
Constructing protoset
Complete protoset
Testing
Accuracy:  0.8875
Complete test
Constructing protoset
Complete protoset
Testing
Accuracy:  0.8355
Complete test
Constructing protoset
Complete protoset
Testing
Accuracy:  0.861
Complete test
Constructing protoset
Complete protoset
Testing
Accuracy:  0.8875
Complete test
Constructing protoset
Complete protoset
Testing
Accuracy:  0.7785
Complete test
Constructing protoset
Complete protoset
Testing
Accuracy:  0.9015
Complete test
Constructing protoset
Complete protoset
Testing
Accuracy:  0.835
Complete test
Constructing protoset
Complete protoset
Testing
Accuracy:  0.739
Complete test
Constructing protoset
Complete protoset
Testing
Accuracy:  0.895
Complete test
Constructing protoset
Complete protoset
Testing
Accuracy:  0.7915
Complete test
Constructing protoset
Complete protoset
Testing
Accuracy:  0.7625
Complete test
Constructing protoset
Complete protoset
Testing
Accuracy:  0.836
Complete test
Constructing protoset
Complete protoset
Testing
Accuracy:  0.895
Complete test
Constructing protoset
Complete protoset
Testing
Accuracy:  0.897
Complete test
Constructing protoset
Complete protoset
Testing
Accuracy:  0.893
Complete test
Constructing protoset
Complete protoset
Testing
Accuracy:  0.83
Complete test
Constructing protoset
Complete protoset
Testing
Accuracy:  0.685
Complete test
Constructing protoset
Complete protoset
Testing
Accuracy:  0.8625
Complete test
Constructing protoset
Complete protoset
Testing
Accuracy:  0.7915
Complete test
Constructing protoset
Complete protoset
Testing
Accuracy:  0.869
Complete test
Constructing protoset
Complete protoset
Testing
Accuracy:  0.788
Complete test
Constructing protoset
Complete protoset
Testing
Accuracy:  0.876
Complete test
Constructing protoset
Complete protoset
Testing
Accuracy:  0.571
Complete test
Constructing protoset
Complete protoset
Testing
Accuracy:  0.841
Complete test
Constructing protoset
Complete protoset
Testing
Accuracy:  0.875
Complete test
Constructing protoset
Complete protoset
Testing
Accuracy:  0.8115
Complete test
Constructing protoset
Complete protoset
Testing
Accuracy:  0.8585
Complete test
Constructing protoset
Complete protoset
Testing
Accuracy:  0.8245
Complete test
Constructing protoset
Complete protoset
Testing
Accuracy:  0.887
Complete test
Constructing protoset
Complete protoset
Testing
Accuracy:  0.9125
Complete test
Constructing protoset
Complete protoset
Testing
Accuracy:  0.9115
Complete test
Constructing protoset
Complete protoset
Testing
Accuracy:  0.8815
Complete test
Constructing protoset
Complete protoset
Testing
Accuracy:  0.914
Complete test
Constructing protoset
Complete protoset
Testing
Accuracy:  0.888
Complete test
Constructing protoset
Complete protoset
Testing
Accuracy:  0.91
Complete test
Constructing protoset
Complete protoset
Testing
Accuracy:  0.877
Complete test
Constructing protoset
Complete protoset
Testing
Accuracy:  0.845
Complete test
Constructing protoset
Complete protoset
Testing
Accuracy:  0.8885
Complete test
Constructing protoset
Complete protoset
Testing
Accuracy:  0.893
Complete test
Constructing protoset
Complete protoset
Testing
Accuracy:  0.8825
Complete test
Constructing protoset
Complete protoset
Testing
Accuracy:  0.8835
Complete test
Constructing protoset
Complete protoset
Testing
Accuracy:  0.9005
Complete test
Constructing protoset
Complete protoset
Testing
Accuracy:  0.7365
Complete test
Constructing protoset
Complete protoset
Testing
Accuracy:  0.889
Complete test
Constructing protoset
Complete protoset
Testing
Accuracy:  0.8885
Complete test
Constructing protoset
Complete protoset
Testing
Accuracy:  0.827
Complete test
Constructing protoset
Complete protoset
Testing
Accuracy:  0.8865
Complete test
Constructing protoset
Complete protoset
Testing
Accuracy:  0.734
Complete test
Constructing protoset
Complete protoset
Testing
Accuracy:  0.889
Complete test
Constructing protoset
Complete protoset
Testing
Accuracy:  0.1135
Complete test
Constructing protoset
Complete protoset
Testing
Accuracy:  0.9115
Complete test
Constructing protoset
Complete protoset
Testing
Accuracy:  0.8875
Complete test
Constructing protoset
Complete protoset
Testing
Accuracy:  0.8425
Complete test
Constructing protoset
Complete protoset
Testing
Accuracy:  0.8175
Complete test
Constructing protoset
Complete protoset
Testing
Accuracy:  0.83
Complete test
Constructing protoset
Complete protoset
Testing
Accuracy:  0.8665
Complete test
Constructing protoset
Complete protoset
Testing
Accuracy:  0.8385
Complete test
Constructing protoset
Complete protoset
Testing
Accuracy:  0.8835
Complete test
Constructing protoset
Complete protoset
Testing
Accuracy:  0.8565
Complete test
Constructing protoset
Complete protoset
Testing
Accuracy:  0.536
Complete test
Constructing protoset
Complete protoset
Testing
Accuracy:  0.9065
Complete test
Constructing protoset
Complete protoset
Testing
Accuracy:  0.108
Complete test
Constructing protoset
Complete protoset
Testing
Accuracy:  0.8955
Complete test
Constructing protoset
Complete protoset
Testing
Accuracy:  0.666
Complete test
Constructing protoset
Complete protoset
Testing
Accuracy:  0.6445
Complete test
Constructing protoset
Complete protoset
Testing
Accuracy:  0.6265
Complete test
Constructing protoset
Complete protoset
Testing
Accuracy:  0.7055
Complete test
Constructing protoset
Complete protoset
Testing
Accuracy:  0.6605
Complete test
Constructing protoset
Complete protoset
Testing
Accuracy:  0.8875
Complete test
Constructing protoset
Complete protoset
Testing
Accuracy:  0.8665
Complete test
Constructing protoset
Complete protoset
Testing
Accuracy:  0.56
Complete test
Constructing protoset
Complete protoset
Testing
Accuracy:  0.87
Complete test
Constructing protoset
Complete protoset
Testing
Accuracy:  0.8775
Complete test
Constructing protoset
Complete protoset
Testing
Accuracy:  0.8705
Complete test
Constructing protoset
Complete protoset
Testing
Accuracy:  0.701
Complete test
Constructing protoset
Complete protoset
Testing
Accuracy:  0.876
Complete test
Constructing protoset
Complete protoset
Testing
Accuracy:  0.8925
Complete test
Constructing protoset
Complete protoset
Testing
Accuracy:  0.411
Complete test
Constructing protoset
Complete protoset
Testing
Accuracy:  0.2035
Complete test
Constructing protoset
Complete protoset
Testing
Accuracy:  0.8935
Complete test
Constructing protoset
Complete protoset
Testing
Accuracy:  0.806
Complete test
Constructing protoset
Complete protoset
Testing
Accuracy:  0.897
Complete test
Constructing protoset
Complete protoset
Testing
Accuracy:  0.895
Complete test
Constructing protoset
Complete protoset
Testing
Accuracy:  0.888
Complete test
Constructing protoset
Complete protoset
Testing
Accuracy:  0.873
Complete test
Constructing protoset
Complete protoset
Testing
Accuracy:  0.4915
Complete test
Constructing protoset
Complete protoset
Testing
Accuracy:  0.888
Complete test
Constructing protoset
Complete protoset
Testing
Accuracy:  0.853
Complete test
Constructing protoset
Complete protoset
Testing
Accuracy:  0.8675
Complete test
Constructing protoset
Complete protoset
Testing
Accuracy:  0.5495
Complete test
Constructing protoset
Complete protoset
Testing
Accuracy:  0.862
Complete test
Constructing protoset
Complete protoset
Testing
Accuracy:  0.3485
Complete test
Constructing protoset
Complete protoset
Testing
Accuracy:  0.76
Complete test
Constructing protoset
Complete protoset
Testing
Accuracy:  0.865
Complete test
Constructing protoset
Complete protoset
Testing
Accuracy:  0.8845
Complete test
Constructing protoset
Complete protoset
Testing
Accuracy:  0.876
Complete test
Constructing protoset
Complete protoset
Testing
Accuracy:  0.8435
Complete test
Constructing protoset
Complete protoset
Testing
Accuracy:  0.8645
Complete test
Constructing protoset
Complete protoset
Testing
Accuracy:  0.9
Complete test
Constructing protoset
Complete protoset
Testing
Accuracy:  0.9055
Complete test
Constructing protoset
Complete protoset
Testing
Accuracy:  0.9145
Complete test
Constructing protoset
Complete protoset
Testing
Accuracy:  0.56
Complete test
Constructing protoset
Complete protoset
Testing
Accuracy:  0.8835
Complete test
Constructing protoset
Complete protoset
Testing
Accuracy:  0.846
Complete test
Constructing protoset
Complete protoset
Testing
Accuracy:  0.837
Complete test
Constructing protoset
Complete protoset
Testing
Accuracy:  0.8955
Complete test
Constructing protoset
Complete protoset
Testing
Accuracy:  0.8515
Complete test
Constructing protoset
Complete protoset
Testing
Accuracy:  0.899
Complete test
Constructing protoset
Complete protoset
Testing
Accuracy:  0.917
Complete test
Constructing protoset
Complete protoset
Testing
Accuracy:  0.9205
Complete test
Constructing protoset
Complete protoset
Testing
Accuracy:  0.8725
Complete test
Constructing protoset
Complete protoset
Testing
Accuracy:  0.9185
Complete test
Constructing protoset
Complete protoset
Testing
Accuracy:  0.9005
Complete test
Constructing protoset
Complete protoset
Testing
Accuracy:  0.765
Complete test
Constructing protoset
Complete protoset
Testing
Accuracy:  0.9045
Complete test
Constructing protoset
Complete protoset
Testing
Accuracy:  0.8935
Complete test
Constructing protoset
Complete protoset
Testing
Accuracy:  0.8885
Complete test
Constructing protoset
Complete protoset
Testing
Accuracy:  0.8505
Complete test
Constructing protoset
Complete protoset
Testing
Accuracy:  0.912
Complete test
Constructing protoset
Complete protoset
Testing
Accuracy:  0.8545
Complete test
Constructing protoset
Complete protoset
Testing
Accuracy:  0.697
Complete test
Constructing protoset
Complete protoset
Testing
Accuracy:  0.772
Complete test
Constructing protoset
Complete protoset
Testing
Accuracy:  0.872
Complete test
Constructing protoset
Complete protoset
Testing
Accuracy:  0.839
Complete test
Constructing protoset
Complete protoset
Testing
Accuracy:  0.902
Complete test
Constructing protoset
Complete protoset
Testing
Accuracy:  0.9015
Complete test
Constructing protoset
Complete protoset
Testing
Accuracy:  0.9085
Complete test
Constructing protoset
Complete protoset
Testing
Accuracy:  0.907
Complete test
Constructing protoset
Complete protoset
Testing
Accuracy:  0.8945
Complete test
Constructing protoset
Complete protoset
Testing
Accuracy:  0.872
Complete test
Constructing protoset
Complete protoset
Testing
Accuracy:  0.9055
Complete test
Constructing protoset
Complete protoset
Testing
Accuracy:  0.907
Complete test
Constructing protoset
Complete protoset
Testing
Accuracy:  0.907
Complete test
Constructing protoset
Complete protoset
Testing
Accuracy:  0.883
Complete test
Constructing protoset
Complete protoset
Testing
Accuracy:  0.295
Complete test
Constructing protoset
Complete protoset
Testing
Accuracy:  0.904
Complete test
Constructing protoset
Complete protoset
Testing
Accuracy:  0.885
Complete test
Constructing protoset
Complete protoset
Testing
Accuracy:  0.9175
Complete test
Constructing protoset
Complete protoset
Testing
Accuracy:  0.9155
Complete test
Constructing protoset
Complete protoset
Testing
Accuracy:  0.9025
Complete test
Constructing protoset
Complete protoset
Testing
Accuracy:  0.6435
Complete test
Constructing protoset
Complete protoset
Testing
Accuracy:  0.8685
Complete test
Constructing protoset
Complete protoset
Testing
Accuracy:  0.882
Complete test
Constructing protoset
Complete protoset
Testing
Accuracy:  0.911
Complete test
Constructing protoset
Complete protoset
Testing
Accuracy:  0.8845
Complete test
Constructing protoset
Complete protoset
Testing
Accuracy:  0.9205
Complete test
Constructing protoset
Complete protoset
Testing
Accuracy:  0.8775
Complete test
Constructing protoset
Complete protoset
Testing
Accuracy:  0.671
Complete test
Constructing protoset
Complete protoset
Testing
Accuracy:  0.921
Complete test
Constructing protoset
Complete protoset
Testing
Accuracy:  0.9125
Complete test
Constructing protoset
Complete protoset
Testing
Accuracy:  0.9145
Complete test
Constructing protoset
Complete protoset
Testing
Accuracy:  0.852
Complete test
Constructing protoset
Complete protoset
Testing
Accuracy:  0.876
Complete test
Constructing protoset
Complete protoset
Testing
Accuracy:  0.8705
Complete test
Constructing protoset
Complete protoset
Testing
Accuracy:  0.878
Complete test
Constructing protoset
Complete protoset
Testing
Accuracy:  0.6905
Complete test
Constructing protoset
Complete protoset
Testing
Accuracy:  0.798
Complete test
Constructing protoset
Complete protoset
Testing
Accuracy:  0.806
Complete test
Constructing protoset
Complete protoset
Testing
Accuracy:  0.916
Complete test
Constructing protoset
Complete protoset
Testing
Accuracy:  0.9165
Complete test
Constructing protoset
Complete protoset
Testing
Accuracy:  0.9215
Complete test
Constructing protoset
Complete protoset
Testing
Accuracy:  0.853
Complete test
Constructing protoset
Complete protoset
Testing
Accuracy:  0.8885
Complete test
Constructing protoset
Complete protoset
Testing
Accuracy:  0.829
Complete test
Constructing protoset
Complete protoset
Testing
Accuracy:  0.9275
Complete test
Constructing protoset
Complete protoset
Testing
Accuracy:  0.884
Complete test
Constructing protoset
Complete protoset
Testing
Accuracy:  0.926
Complete test
Constructing protoset
Complete protoset
Testing
Accuracy:  0.9245
Complete test
Constructing protoset
Complete protoset
Testing
Accuracy:  0.9
Complete test
Constructing protoset
Complete protoset
Testing
Accuracy:  0.893
Complete test
Constructing protoset
Complete protoset
Testing
Accuracy:  0.9205
Complete test
Constructing protoset
Complete protoset
Testing
Accuracy:  0.863
Complete test
Constructing protoset
Complete protoset
Testing
Accuracy:  0.914
Complete test
Constructing protoset
Complete protoset
Testing
Accuracy:  0.9265
Complete test
Constructing protoset
Complete protoset
Testing
Accuracy:  0.924
Complete test
Constructing protoset
Complete protoset
Testing
Accuracy:  0.808
Complete test
Constructing protoset
Complete protoset
Testing
Accuracy:  0.8365
Complete test
Constructing protoset
Complete protoset
Testing
Accuracy:  0.8605
Complete test
Constructing protoset
Complete protoset
Testing
Accuracy:  0.86
Complete test
Constructing protoset
Complete protoset
Testing
Accuracy:  0.889
Complete test
Constructing protoset
Complete protoset
Testing
Accuracy:  0.471
Complete test
Constructing protoset
Complete protoset
Testing
Accuracy:  0.8815
Complete test
Constructing protoset
Complete protoset
Testing
Accuracy:  0.882
Complete test
Constructing protoset
Complete protoset
Testing
Accuracy:  0.857
Complete test
Constructing protoset
Complete protoset
Testing
Accuracy:  0.814
Complete test
Constructing protoset
Complete protoset
Testing
Accuracy:  0.8845
Complete test
Constructing protoset
Complete protoset
Testing
Accuracy:  0.8625
Complete test
Constructing protoset
Complete protoset
Testing
Accuracy:  0.8225
Complete test
Constructing protoset
Complete protoset
Testing
Accuracy:  0.585
Complete test
Constructing protoset
Complete protoset
Testing
Accuracy:  0.3555
Complete test
Constructing protoset
Complete protoset
Testing
Accuracy:  0.82
Complete test
Constructing protoset
Complete protoset
Testing
Accuracy:  0.7425
Complete test
Constructing protoset
Complete protoset
Testing
Accuracy:  0.763
Complete test
Constructing protoset
Complete protoset
Testing
Accuracy:  0.7595
Complete test
Constructing protoset
Complete protoset
Testing
Accuracy:  0.8555
Complete test
Constructing protoset
Complete protoset
Testing
Accuracy:  0.8635
Complete test
Constructing protoset
Complete protoset
Testing
Accuracy:  0.9005
Complete test
Constructing protoset
Complete protoset
Testing
Accuracy:  0.8865
Complete test
Constructing protoset
Complete protoset
Testing
Accuracy:  0.899
Complete test
Constructing protoset
Complete protoset
Testing
Accuracy:  0.872
Complete test
Constructing protoset
Complete protoset
Testing
Accuracy:  0.8725
Complete test
Constructing protoset
Complete protoset
Testing
Accuracy:  0.903
Complete test
Constructing protoset
Complete protoset
Testing
Accuracy:  0.894
Complete test
Constructing protoset
Complete protoset
Testing
Accuracy:  0.8655
Complete test
Constructing protoset
Complete protoset
Testing
Accuracy:  0.9
Complete test
Constructing protoset
Complete protoset
Testing
Accuracy:  0.579
Complete test
Constructing protoset
Complete protoset
Testing
Accuracy:  0.887
Complete test
Constructing protoset
Complete protoset
Testing
Accuracy:  0.8785
Complete test
Constructing protoset
Complete protoset
Testing
Accuracy:  0.7705
Complete test
Constructing protoset
Complete protoset
Testing
Accuracy:  0.8555
Complete test
Constructing protoset
Complete protoset
Testing
Accuracy:  0.6545
Complete test
Constructing protoset
Complete protoset
Testing
Accuracy:  0.905
Complete test
Constructing protoset
Complete protoset
Testing
Accuracy:  0.781
Complete test
Constructing protoset
Complete protoset
Testing
Accuracy:  0.907
Complete test
Constructing protoset
Complete protoset
Testing
Accuracy:  0.8495
Complete test
Constructing protoset
Complete protoset
Testing
Accuracy:  0.902
Complete test
Constructing protoset
Complete protoset
Testing
Accuracy:  0.541
Complete test
Constructing protoset
Complete protoset
Testing
Accuracy:  0.909
Complete test
Constructing protoset
Complete protoset
Testing
Accuracy:  0.878
Complete test
Constructing protoset
Complete protoset
Testing
Accuracy:  0.6995
Complete test
Constructing protoset
Complete protoset
Testing
Accuracy:  0.8715
Complete test
Constructing protoset
Complete protoset
Testing
Accuracy:  0.857
Complete test
Constructing protoset
Complete protoset
Testing
Accuracy:  0.8845
Complete test
Constructing protoset
Complete protoset
Testing
Accuracy:  0.867
Complete test
Constructing protoset
Complete protoset
Testing
Accuracy:  0.1195
Complete test
Constructing protoset
Complete protoset
Testing
Accuracy:  0.893
Complete test
Constructing protoset
Complete protoset
Testing
Accuracy:  0.2915
Complete test
Constructing protoset
Complete protoset
Testing
Accuracy:  0.901
Complete test
Constructing protoset
Complete protoset
Testing
Accuracy:  0.877
Complete test
Constructing protoset
Complete protoset
Testing
Accuracy:  0.838
Complete test
Constructing protoset
Complete protoset
Testing
Accuracy:  0.9075
Complete test
Constructing protoset
Complete protoset
Testing
Accuracy:  0.862
Complete test
Constructing protoset
Complete protoset
Testing
Accuracy:  0.157
Complete test
Constructing protoset
Complete protoset
Testing
Accuracy:  0.8765
Complete test
Constructing protoset
Complete protoset
Testing
Accuracy:  0.817
Complete test
Constructing protoset
Complete protoset
Testing
Accuracy:  0.9145
Complete test
Constructing protoset
Complete protoset
Testing
Accuracy:  0.883
Complete test
Constructing protoset
Complete protoset
Testing
Accuracy:  0.894
Complete test
Constructing protoset
Complete protoset
Testing
Accuracy:  0.882
Complete test
Constructing protoset
Complete protoset
Testing
Accuracy:  0.9125
Complete test
Constructing protoset
Complete protoset
Testing
Accuracy:  0.8735
Complete test
Constructing protoset
Complete protoset
Testing
Accuracy:  0.839
Complete test
Constructing protoset
Complete protoset
Testing
Accuracy:  0.915
Complete test
Constructing protoset
Complete protoset
Testing
Accuracy:  0.8865
Complete test
Constructing protoset
Complete protoset
Testing
Accuracy:  0.8955
Complete test
Constructing protoset
Complete protoset
Testing
Accuracy:  0.9085
Complete test
Constructing protoset
Complete protoset
Testing
Accuracy:  0.5335
Complete test
Constructing protoset
Complete protoset
Testing
Accuracy:  0.0885
Complete test
Constructing protoset
Complete protoset
Testing
Accuracy:  0.915
Complete test
Constructing protoset
Complete protoset
Testing
Accuracy:  0.915
Complete test
Constructing protoset
Complete protoset
Testing
Accuracy:  0.8955
Complete test
Constructing protoset
Complete protoset
Testing
Accuracy:  0.8945
Complete test
Constructing protoset
Complete protoset
Testing
Accuracy:  0.8555
Complete test
Constructing protoset
Complete protoset
Testing
Accuracy:  0.698
Complete test
Constructing protoset
Complete protoset
Testing
Accuracy:  0.9
Complete test
Constructing protoset
Complete protoset
Testing
Accuracy:  0.9025
Complete test
Constructing protoset
Complete protoset
Testing
Accuracy:  0.913
Complete test
Constructing protoset
Complete protoset
Testing
Accuracy:  0.9045
Complete test
Constructing protoset
Complete protoset
Testing
Accuracy:  0.912
Complete test
Constructing protoset
Complete protoset
Testing
Accuracy:  0.847
Complete test
Constructing protoset
Complete protoset
Testing
Accuracy:  0.8375
Complete test
Constructing protoset
Complete protoset
Testing
Accuracy:  0.9155
Complete test
Constructing protoset
Complete protoset
Testing
Accuracy:  0.826
Complete test
Constructing protoset
Complete protoset
Testing
Accuracy:  0.9155
Complete test
Constructing protoset
Complete protoset
Testing
Accuracy:  0.9165
Complete test
Constructing protoset
Complete protoset
Testing
Accuracy:  0.1285
Complete test
Constructing protoset
Complete protoset
Testing
Accuracy:  0.9165
Complete test
Constructing protoset
Complete protoset
Testing
Accuracy:  0.3915
Complete test
Constructing protoset
Complete protoset
Testing
Accuracy:  0.848
Complete test
Constructing protoset
Complete protoset
Testing
Accuracy:  0.9145
Complete test
Constructing protoset
Complete protoset
Testing
Accuracy:  0.48
Complete test
Constructing protoset
Complete protoset
Testing
Accuracy:  0.9155
Complete test
Constructing protoset
Complete protoset
Testing
Accuracy:  0.8995
Complete test
Constructing protoset
Complete protoset
Testing
Accuracy:  0.8585
Complete test
Constructing protoset
Complete protoset
Testing
Accuracy:  0.8725
Complete test
Constructing protoset
Complete protoset
Testing
Accuracy:  0.8765
Complete test
Constructing protoset
Complete protoset
Testing
Accuracy:  0.896
Complete test
Constructing protoset
Complete protoset
Testing
Accuracy:  0.918
Complete test
Constructing protoset
Complete protoset
Testing
Accuracy:  0.471
Complete test
Constructing protoset
Complete protoset
Testing
Accuracy:  0.9065
Complete test
Constructing protoset
Complete protoset
Testing
Accuracy:  0.155
Complete test
Constructing protoset
Complete protoset
Testing
Accuracy:  0.533
Complete test
Constructing protoset
Complete protoset
Testing
Accuracy:  0.729
Complete test
Constructing protoset
Complete protoset
Testing
Accuracy:  0.919
Complete test
Constructing protoset
Complete protoset
Testing
Accuracy:  0.1025
Complete test
Constructing protoset
Complete protoset
Testing
Accuracy:  0.7645
Complete test
Constructing protoset
Complete protoset
Testing
Accuracy:  0.8475
Complete test
Constructing protoset
Complete protoset
Testing
Accuracy:  0.92
Complete test
Constructing protoset
Complete protoset
Testing
Accuracy:  0.7395
Complete test
Constructing protoset
Complete protoset
Testing
Accuracy:  0.9215
Complete test
Constructing protoset
Complete protoset
Testing
Accuracy:  0.913
Complete test
Constructing protoset
Complete protoset
Testing
Accuracy:  0.908
Complete test
Constructing protoset
Complete protoset
Testing
Accuracy:  0.725
Complete test
Constructing protoset
Complete protoset
Testing
Accuracy:  0.921
Complete test
Constructing protoset
Complete protoset
Testing
Accuracy:  0.9105
Complete test
Constructing protoset
Complete protoset
Testing
Accuracy:  0.9175
Complete test
Constructing protoset
Complete protoset
Testing
Accuracy:  0.8655
Complete test
Constructing protoset
Complete protoset
Testing
Accuracy:  0.8895
Complete test
Constructing protoset
Complete protoset
Testing
Accuracy:  0.867
Complete test
Constructing protoset
Complete protoset
Testing
Accuracy:  0.907
Complete test
Constructing protoset
Complete protoset
Testing
Accuracy:  0.319
Complete test
Constructing protoset
Complete protoset
Testing
Accuracy:  0.4135
Complete test
Constructing protoset
Complete protoset
Testing
Accuracy:  0.877
Complete test
Constructing protoset
Complete protoset
Testing
Accuracy:  0.9235
Complete test
Constructing protoset
Complete protoset
Testing
Accuracy:  0.8725
Complete test
Constructing protoset
Complete protoset
Testing
Accuracy:  0.1175
Complete test
Constructing protoset
Complete protoset
Testing
Accuracy:  0.8695
Complete test
Constructing protoset
Complete protoset
Testing
Accuracy:  0.9135
Complete test
Constructing protoset
Complete protoset
Testing
Accuracy:  0.924
Complete test
Constructing protoset
Complete protoset
Testing
Accuracy:  0.8835
Complete test
Constructing protoset
Complete protoset
Testing
Accuracy:  0.8675
Complete test
Constructing protoset
Complete protoset
Testing
Accuracy:  0.9215
Complete test
Constructing protoset
Complete protoset
Testing
Accuracy:  0.921
Complete test
Constructing protoset
Complete protoset
Testing
Accuracy:  0.8975
Complete test
Constructing protoset
Complete protoset
Testing
Accuracy:  0.9225
Complete test
Constructing protoset
Complete protoset
Testing
Accuracy:  0.81
Complete test
Constructing protoset
Complete protoset
Testing
Accuracy:  0.895
Complete test
Constructing protoset
Complete protoset
Testing
Accuracy:  0.8995
Complete test
Constructing protoset
Complete protoset
Testing
Accuracy:  0.9145
Complete test
Constructing protoset
Complete protoset
Testing
Accuracy:  0.926
Complete test
Constructing protoset
Complete protoset
Testing
Accuracy:  0.812
Complete test
Constructing protoset
Complete protoset
Testing
Accuracy:  0.926
Complete test
Constructing protoset
Complete protoset
Testing
Accuracy:  0.885
Complete test
Constructing protoset
Complete protoset
Testing
Accuracy:  0.9205
Complete test
Constructing protoset
Complete protoset
Testing
Accuracy:  0.5615
Complete test
Constructing protoset
Complete protoset
Testing
Accuracy:  0.76
Complete test
Constructing protoset
Complete protoset
Testing
Accuracy:  0.913
Complete test
Constructing protoset
Complete protoset
Testing
Accuracy:  0.9115
Complete test
Constructing protoset
Complete protoset
Testing
Accuracy:  0.467
Complete test
Constructing protoset
Complete protoset
Testing
Accuracy:  0.8605
Complete test
Constructing protoset
Complete protoset
Testing
Accuracy:  0.9055
Complete test
Constructing protoset
Complete protoset
Testing
Accuracy:  0.8445
Complete test
Constructing protoset
Complete protoset
Testing
Accuracy:  0.634
Complete test
Constructing protoset
Complete protoset
Testing
Accuracy:  0.674
Complete test
Constructing protoset
Complete protoset
Testing
Accuracy:  0.6875
Complete test
Constructing protoset
Complete protoset
Testing
Accuracy:  0.6795
Complete test
Constructing protoset
Complete protoset
Testing
Accuracy:  0.8755
Complete test
Constructing protoset
Complete protoset
Testing
Accuracy:  0.922
Complete test
Constructing protoset
Complete protoset
Testing
Accuracy:  0.095
Complete test
Constructing protoset
Complete protoset
Testing
Accuracy:  0.903
Complete test
Constructing protoset
Complete protoset
Testing
Accuracy:  0.878
Complete test
Constructing protoset
Complete protoset
Testing
Accuracy:  0.8
Complete test
Constructing protoset
Complete protoset
Testing
Accuracy:  0.9175
Complete test
Constructing protoset
Complete protoset
Testing
Accuracy:  0.919
Complete test
Constructing protoset
Complete protoset
Testing
Accuracy:  0.9215
Complete test
Constructing protoset
Complete protoset
Testing
Accuracy:  0.8895
Complete test
Constructing protoset
Complete protoset
Testing
Accuracy:  0.767
Complete test
Constructing protoset
Complete protoset
Testing
Accuracy:  0.8805
Complete test
Constructing protoset
Complete protoset
Testing
Accuracy:  0.872
Complete test
Constructing protoset
Complete protoset
Testing
Accuracy:  0.9195
Complete test
Constructing protoset
Complete protoset
Testing
Accuracy:  0.8925
Complete test
Constructing protoset
Complete protoset
Testing
Accuracy:  0.9155
Complete test
Constructing protoset
Complete protoset
Testing
Accuracy:  0.9065
Complete test
Constructing protoset
Complete protoset
Testing
Accuracy:  0.8165
Complete test
Constructing protoset
Complete protoset
Testing
Accuracy:  0.9145
Complete test
Constructing protoset
Complete protoset
Testing
Accuracy:  0.7355
Complete test
Constructing protoset
Complete protoset
Testing
Accuracy:  0.824
Complete test
Constructing protoset
Complete protoset
Testing
Accuracy:  0.118
Complete test
Constructing protoset
Complete protoset
Testing
Accuracy:  0.92
Complete test
Constructing protoset
Complete protoset
Testing
Accuracy:  0.9105
Complete test
Constructing protoset
Complete protoset
Testing
Accuracy:  0.911
Complete test
Constructing protoset
Complete protoset
Testing
Accuracy:  0.914
Complete test
Constructing protoset
Complete protoset
Testing
Accuracy:  0.909
Complete test
Constructing protoset
Complete protoset
Testing
Accuracy:  0.882
Complete test
Constructing protoset
Complete protoset
Testing
Accuracy:  0.8895
Complete test
Constructing protoset
Complete protoset
Testing
Accuracy:  0.839
Complete test
Constructing protoset
Complete protoset
Testing
Accuracy:  0.922
Complete test
Constructing protoset
Complete protoset
Testing
Accuracy:  0.91
Complete test
Constructing protoset
Complete protoset
Testing
Accuracy:  0.884
Complete test
Constructing protoset
Complete protoset
Testing
Accuracy:  0.9115
Complete test
Constructing protoset
Complete protoset
Testing
Accuracy:  0.605
Complete test
Constructing protoset
Complete protoset
Testing
Accuracy:  0.866
Complete test
Constructing protoset
Complete protoset
Testing
Accuracy:  0.511
Complete test
Constructing protoset
Complete protoset
Testing
Accuracy:  0.894
Complete test
Constructing protoset
Complete protoset
Testing
Accuracy:  0.8555
Complete test
Constructing protoset
Complete protoset
Testing
Accuracy:  0.292
Complete test
Constructing protoset
Complete protoset
Testing
Accuracy:  0.749
Complete test
Constructing protoset
Complete protoset
Testing
Accuracy:  0.885
Complete test
Constructing protoset
Complete protoset
Testing
Accuracy:  0.4305
Complete test
Constructing protoset
Complete protoset
Testing
Accuracy:  0.9025
Complete test
Constructing protoset
Complete protoset
Testing
Accuracy:  0.839
Complete test
Constructing protoset
Complete protoset
Testing
Accuracy:  0.7655
Complete test
Constructing protoset
Complete protoset
Testing
Accuracy:  0.8565
Complete test
Constructing protoset
Complete protoset
Testing
Accuracy:  0.9215
Complete test
Constructing protoset
Complete protoset
Testing
Accuracy:  0.92
Complete test
